<?xml version="1.0" encoding="UTF-8"?>
<testsuite xmlns:xsi="http://www.w3.org/2001/XMLSchema-instance" xsi:noNamespaceSchemaLocation="https://maven.apache.org/surefire/maven-surefire-plugin/xsd/surefire-test-report-3.0.xsd" version="3.0" name="docs.StudentDataTest" time="3.715" tests="4" errors="0" skipped="0" failures="0">
  <properties>
[...]
</properties>
  <testcase name="testStudentDataFormat" classname="docs.StudentDataTest" time="1.416">
    <system-out><![CDATA[Student data generated successfully in 'target/generated-test-sources/test_students.txt'
]]></system-out>
  </testcase>
  <testcase name="testStudentDataCreateFile" classname="docs.StudentDataTest" time="0.988">
    <system-out><![CDATA[Student data generated successfully in 'target/generated-test-sources/test_students.txt'
]]></system-out>
  </testcase>
  <testcase name="testStudentDataWithInvalidNumberOfStudents" classname="docs.StudentDataTest" time="0.002">
    <system-err><![CDATA[Invalid number of students. File not created.
]]></system-err>
  </testcase>
  <testcase name="testStudentDataNumberOfLines" classname="docs.StudentDataTest" time="1.287">
    <system-out><![CDATA[Student data generated successfully in 'target/generated-test-sources/test_students.txt'
]]></system-out>
  </testcase>
</testsuite>